<?xml version="1.0" encoding="UTF-8"?>
<!-- Generated by org.testng.reporters.JUnitXMLReporter -->
<testsuite hostname="TXCHD-LAP-117" failures="0" tests="3" name="Test" time="37.554" errors="0" timestamp="7 Jul 2021 13:33:27 GMT">
  <testcase classname="com.TestCases.Scenario6" name="SignIn" time="2.51"/>
  <testcase classname="com.TestCases.Scenario6" name="SignOut" time="2.701"/>
  <testcase classname="com.TestCases.Scenario6" name="WrongCredentials" time="0.001"/>
</testsuite> <!-- Test -->
