<?xml version="1.0" encoding="UTF-8"?>
<testsuite xmlns:xsi="http://www.w3.org/2001/XMLSchema-instance" xsi:noNamespaceSchemaLocation="https://maven.apache.org/surefire/maven-surefire-plugin/xsd/surefire-test-report-3.0.xsd" version="3.0" name="TestSuite" time="531.302" tests="47" errors="0" skipped="39" failures="3">
  <properties>
[...]
</properties>
  <testcase name="T1" classname="com.TestCases.Scenario1" time="0.35">
    <system-err><![CDATA[ERROR StatusLogger Log4j2 could not find a logging implementation. Please add log4j-core to the classpath. Using SimpleLogger to log to the console...
SLF4J: Failed to load class "org.slf4j.impl.StaticLoggerBinder".
SLF4J: Defaulting to no-operation (NOP) logger implementation
SLF4J: See http://www.slf4j.org/codes.html#StaticLoggerBinder for further details.
Starting ChromeDriver 91.0.4472.101 (af52a90bf87030dd1523486a1cd3ae25c5d76c9b-refs/branch-heads/4472@{#1462}) on port 35738
Only local connections are allowed.
Please see https://chromedriver.chromium.org/security-considerations for suggestions on keeping ChromeDriver safe.
ChromeDriver was started successfully.
Jul 23, 2021 9:34:33 PM org.openqa.selenium.remote.ProtocolHandshake createSession
INFO: Detected dialect: W3C
]]></system-err>
  </testcase>
  <testcase name="T2_T3" classname="com.TestCases.Scenario1" time="0.451">
    <system-err><![CDATA[Starting ChromeDriver 91.0.4472.101 (af52a90bf87030dd1523486a1cd3ae25c5d76c9b-refs/branch-heads/4472@{#1462}) on port 15789
Only local connections are allowed.
Please see https://chromedriver.chromium.org/security-considerations for suggestions on keeping ChromeDriver safe.
ChromeDriver was started successfully.
Jul 23, 2021 9:34:44 PM org.openqa.selenium.remote.ProtocolHandshake createSession
INFO: Detected dialect: W3C
]]></system-err>
  </testcase>
  <testcase name="T4" classname="com.TestCases.Scenario1" time="12.044">
    <system-out><![CDATA[0
]]></system-out>
    <system-err><![CDATA[Starting ChromeDriver 91.0.4472.101 (af52a90bf87030dd1523486a1cd3ae25c5d76c9b-refs/branch-heads/4472@{#1462}) on port 31662
Only local connections are allowed.
Please see https://chromedriver.chromium.org/security-considerations for suggestions on keeping ChromeDriver safe.
ChromeDriver was started successfully.
Jul 23, 2021 9:35:05 PM org.openqa.selenium.remote.ProtocolHandshake createSession
INFO: Detected dialect: W3C
]]></system-err>
  </testcase>
  <testcase name="CheckInboxes" classname="com.TestCases.Scenario2" time="58.383">
    <failure message="element not interactable&#10;  (Session info: chrome=91.0.4472.164)&#10;Build info: version: &apos;3.141.59&apos;, revision: &apos;e82be7d358&apos;, time: &apos;2018-11-14T08:17:03&apos;&#10;System info: host: &apos;LAPTOP-RRO4KGR3&apos;, ip: &apos;192.168.1.7&apos;, os.name: &apos;Windows 10&apos;, os.arch: &apos;amd64&apos;, os.version: &apos;10.0&apos;, java.version: &apos;1.8.0_144&apos;&#10;Driver info: org.openqa.selenium.chrome.ChromeDriver&#10;Capabilities {acceptInsecureCerts: false, browserName: chrome, browserVersion: 91.0.4472.164, chrome: {chromedriverVersion: 91.0.4472.101 (af52a90bf870..., userDataDir: C:\Users\SUMITK~1\AppData\L...}, goog:chromeOptions: {debuggerAddress: localhost:58586}, javascriptEnabled: true, networkConnectionEnabled: false, pageLoadStrategy: normal, platform: WINDOWS, platformName: WINDOWS, proxy: Proxy(), setWindowRect: true, strictFileInteractability: false, timeouts: {implicit: 0, pageLoad: 300000, script: 30000}, unhandledPromptBehavior: dismiss and notify, webauthn:extension:largeBlob: true, webauthn:virtualAuthenticators: true}&#10;Session ID: cbbb66a7ccca815b4468ec066d521055" type="org.openqa.selenium.ElementNotInteractableException"><![CDATA[org.openqa.selenium.ElementNotInteractableException: 
element not interactable
  (Session info: chrome=91.0.4472.164)
Build info: version: '3.141.59', revision: 'e82be7d358', time: '2018-11-14T08:17:03'
System info: host: 'LAPTOP-RRO4KGR3', ip: '192.168.1.7', os.name: 'Windows 10', os.arch: 'amd64', os.version: '10.0', java.version: '1.8.0_144'
Driver info: org.openqa.selenium.chrome.ChromeDriver
Capabilities {acceptInsecureCerts: false, browserName: chrome, browserVersion: 91.0.4472.164, chrome: {chromedriverVersion: 91.0.4472.101 (af52a90bf870..., userDataDir: C:\Users\SUMITK~1\AppData\L...}, goog:chromeOptions: {debuggerAddress: localhost:58586}, javascriptEnabled: true, networkConnectionEnabled: false, pageLoadStrategy: normal, platform: WINDOWS, platformName: WINDOWS, proxy: Proxy(), setWindowRect: true, strictFileInteractability: false, timeouts: {implicit: 0, pageLoad: 300000, script: 30000}, unhandledPromptBehavior: dismiss and notify, webauthn:extension:largeBlob: true, webauthn:virtualAuthenticators: true}
Session ID: cbbb66a7ccca815b4468ec066d521055
	at com.TestCases.Scenario2.CheckInboxes(Scenario2.java:57)
]]></failure>
    <system-out><![CDATA[10
]]></system-out>
    <system-err><![CDATA[Starting ChromeDriver 91.0.4472.101 (af52a90bf87030dd1523486a1cd3ae25c5d76c9b-refs/branch-heads/4472@{#1462}) on port 48111
Only local connections are allowed.
Please see https://chromedriver.chromium.org/security-considerations for suggestions on keeping ChromeDriver safe.
ChromeDriver was started successfully.
Jul 23, 2021 9:35:30 PM org.openqa.selenium.remote.ProtocolHandshake createSession
INFO: Detected dialect: W3C
]]></system-err>
  </testcase>
  <testcase name="ValidateQuantity" classname="com.TestCases.Scenario2" time="43.306">
    <failure message="expected [2] but found [2]" type="java.lang.AssertionError"><![CDATA[java.lang.AssertionError: expected [2] but found [2]
	at com.TestCases.Scenario2.ValidateQuantity(Scenario2.java:40)
]]></failure>
    <system-out><![CDATA[the test case got failed..CheckInboxes
https://www.amazon.in/Echo-Dot-3rd-Gen/dp/B07PFFMP9P/ref=sr_1_1?dchild=1&keywords=echo+dot&qid=1627056342&sr=8-1
cant take screenshot
choosing quantiy
validating the quantity
]]></system-out>
    <system-err><![CDATA[Starting ChromeDriver 91.0.4472.101 (af52a90bf87030dd1523486a1cd3ae25c5d76c9b-refs/branch-heads/4472@{#1462}) on port 44942
Only local connections are allowed.
Please see https://chromedriver.chromium.org/security-considerations for suggestions on keeping ChromeDriver safe.
ChromeDriver was started successfully.
Jul 23, 2021 9:36:48 PM org.openqa.selenium.remote.ProtocolHandshake createSession
INFO: Detected dialect: W3C
]]></system-err>
  </testcase>
  <testcase name="displayed" classname="com.TestCases.Scenario2" time="5.149">
    <system-out><![CDATA[the test case got failed..ValidateQuantity
https://www.amazon.in/Echo-Dot-3rd-Gen/dp/B07PFFMP9P/ref=sr_1_1?dchild=1&keywords=echo+dot&qid=1627056419&sr=8-1
cant take screenshot
]]></system-out>
    <system-err><![CDATA[Starting ChromeDriver 91.0.4472.101 (af52a90bf87030dd1523486a1cd3ae25c5d76c9b-refs/branch-heads/4472@{#1462}) on port 28229
Only local connections are allowed.
Please see https://chromedriver.chromium.org/security-considerations for suggestions on keeping ChromeDriver safe.
ChromeDriver was started successfully.
Jul 23, 2021 9:37:47 PM org.openqa.selenium.remote.ProtocolHandshake createSession
INFO: Detected dialect: W3C
]]></system-err>
  </testcase>
  <testcase name="T1" classname="com.TestCases.Scenario3" time="46.983">
    <system-err><![CDATA[Starting ChromeDriver 91.0.4472.101 (af52a90bf87030dd1523486a1cd3ae25c5d76c9b-refs/branch-heads/4472@{#1462}) on port 22520
Only local connections are allowed.
Please see https://chromedriver.chromium.org/security-considerations for suggestions on keeping ChromeDriver safe.
ChromeDriver was started successfully.
Jul 23, 2021 9:39:00 PM org.openqa.selenium.remote.ProtocolHandshake createSession
INFO: Detected dialect: W3C
]]></system-err>
  </testcase>
  <testcase name="setup" classname="com.TestCases.Scenario4" time="72.909">
    <failure message="no such window: target window already closed&#10;from unknown error: web view not found&#10;  (Session info: chrome=91.0.4472.164)&#10;Build info: version: &apos;3.141.59&apos;, revision: &apos;e82be7d358&apos;, time: &apos;2018-11-14T08:17:03&apos;&#10;System info: host: &apos;LAPTOP-RRO4KGR3&apos;, ip: &apos;192.168.1.7&apos;, os.name: &apos;Windows 10&apos;, os.arch: &apos;amd64&apos;, os.version: &apos;10.0&apos;, java.version: &apos;1.8.0_144&apos;&#10;Driver info: org.openqa.selenium.chrome.ChromeDriver&#10;Capabilities {acceptInsecureCerts: false, browserName: chrome, browserVersion: 91.0.4472.164, chrome: {chromedriverVersion: 91.0.4472.101 (af52a90bf870..., userDataDir: C:\Users\SUMITK~1\AppData\L...}, goog:chromeOptions: {debuggerAddress: localhost:58429}, javascriptEnabled: true, networkConnectionEnabled: false, pageLoadStrategy: normal, platform: WINDOWS, platformName: WINDOWS, proxy: Proxy(), setWindowRect: true, strictFileInteractability: false, timeouts: {implicit: 0, pageLoad: 300000, script: 30000}, unhandledPromptBehavior: dismiss and notify, webauthn:extension:largeBlob: true, webauthn:virtualAuthenticators: true}&#10;Session ID: ce3ada324e97f4f96f154cdfc80cf34b" type="org.openqa.selenium.NoSuchWindowException"><![CDATA[org.openqa.selenium.NoSuchWindowException: 
no such window: target window already closed
from unknown error: web view not found
  (Session info: chrome=91.0.4472.164)
Build info: version: '3.141.59', revision: 'e82be7d358', time: '2018-11-14T08:17:03'
System info: host: 'LAPTOP-RRO4KGR3', ip: '192.168.1.7', os.name: 'Windows 10', os.arch: 'amd64', os.version: '10.0', java.version: '1.8.0_144'
Driver info: org.openqa.selenium.chrome.ChromeDriver
Capabilities {acceptInsecureCerts: false, browserName: chrome, browserVersion: 91.0.4472.164, chrome: {chromedriverVersion: 91.0.4472.101 (af52a90bf870..., userDataDir: C:\Users\SUMITK~1\AppData\L...}, goog:chromeOptions: {debuggerAddress: localhost:58429}, javascriptEnabled: true, networkConnectionEnabled: false, pageLoadStrategy: normal, platform: WINDOWS, platformName: WINDOWS, proxy: Proxy(), setWindowRect: true, strictFileInteractability: false, timeouts: {implicit: 0, pageLoad: 300000, script: 30000}, unhandledPromptBehavior: dismiss and notify, webauthn:extension:largeBlob: true, webauthn:virtualAuthenticators: true}
Session ID: ce3ada324e97f4f96f154cdfc80cf34b
]]></failure>
    <system-err><![CDATA[Starting ChromeDriver 91.0.4472.101 (af52a90bf87030dd1523486a1cd3ae25c5d76c9b-refs/branch-heads/4472@{#1462}) on port 42023
Only local connections are allowed.
Please see https://chromedriver.chromium.org/security-considerations for suggestions on keeping ChromeDriver safe.
ChromeDriver was started successfully.
Jul 23, 2021 9:42:46 PM org.openqa.selenium.remote.ProtocolHandshake createSession
INFO: Detected dialect: W3C
]]></system-err>
  </testcase>
  <testcase name="setup" classname="com.TestCases.Scenario4" time="0">
    <skipped/>
  </testcase>
  <testcase name="setup" classname="com.TestCases.Scenario4" time="0">
    <skipped/>
  </testcase>
  <testcase name="setup" classname="com.TestCases.Scenario4" time="0">
    <skipped/>
  </testcase>
  <testcase name="Initialize" classname="com.TestCases.Scenario4" time="0">
    <skipped/>
  </testcase>
  <testcase name="Initialize" classname="com.TestCases.Scenario4" time="0">
    <skipped/>
  </testcase>
  <testcase name="Initialize" classname="com.TestCases.Scenario4" time="0">
    <skipped/>
  </testcase>
  <testcase name="Initialize" classname="com.TestCases.Scenario4" time="0">
    <skipped/>
  </testcase>
  <testcase name="ValidateLabel" classname="com.TestCases.Scenario4" time="0">
    <skipped/>
  </testcase>
  <testcase name="close" classname="com.TestCases.Scenario4" time="0">
    <skipped/>
  </testcase>
  <testcase name="close" classname="com.TestCases.Scenario4" time="0">
    <skipped/>
  </testcase>
  <testcase name="close" classname="com.TestCases.Scenario4" time="0">
    <skipped/>
  </testcase>
  <testcase name="close" classname="com.TestCases.Scenario4" time="0">
    <skipped/>
  </testcase>
  <testcase name="ValidateCount" classname="com.TestCases.Scenario4" time="0">
    <skipped/>
  </testcase>
  <testcase name="DeleteItems" classname="com.TestCases.Scenario4" time="0">
    <skipped/>
  </testcase>
  <testcase name="validatePrice" classname="com.TestCases.Scenario4" time="0">
    <skipped/>
  </testcase>
  <testcase name="setup" classname="com.TestCases.Scenario5" time="0">
    <skipped/>
  </testcase>
  <testcase name="Initialize" classname="com.TestCases.Scenario5" time="0">
    <skipped/>
  </testcase>
  <testcase name="T1" classname="com.TestCases.Scenario5" time="0">
    <skipped/>
  </testcase>
  <testcase name="close" classname="com.TestCases.Scenario5" time="0">
    <skipped/>
  </testcase>
  <testcase name="setup" classname="com.TestCases.Scenario6" time="0">
    <skipped/>
  </testcase>
  <testcase name="setup" classname="com.TestCases.Scenario6" time="0">
    <skipped/>
  </testcase>
  <testcase name="setup" classname="com.TestCases.Scenario6" time="0">
    <skipped/>
  </testcase>
  <testcase name="Signin" classname="com.TestCases.Scenario6" time="0">
    <skipped/>
  </testcase>
  <testcase name="Signin" classname="com.TestCases.Scenario6" time="0">
    <skipped/>
  </testcase>
  <testcase name="Signin" classname="com.TestCases.Scenario6" time="0">
    <skipped/>
  </testcase>
  <testcase name="SignIn" classname="com.TestCases.Scenario6" time="0">
    <skipped/>
  </testcase>
  <testcase name="close" classname="com.TestCases.Scenario6" time="0">
    <skipped/>
  </testcase>
  <testcase name="close" classname="com.TestCases.Scenario6" time="0">
    <skipped/>
  </testcase>
  <testcase name="close" classname="com.TestCases.Scenario6" time="0">
    <skipped/>
  </testcase>
  <testcase name="SignOut" classname="com.TestCases.Scenario6" time="0">
    <skipped/>
  </testcase>
  <testcase name="WrongCredentials" classname="com.TestCases.Scenario6" time="0">
    <skipped/>
  </testcase>
  <testcase name="setup" classname="com.TestCases.Scenario7" time="0">
    <skipped/>
  </testcase>
  <testcase name="setup" classname="com.TestCases.Scenario7" time="0">
    <skipped/>
  </testcase>
  <testcase name="initialize" classname="com.TestCases.Scenario7" time="0">
    <skipped/>
  </testcase>
  <testcase name="initialize" classname="com.TestCases.Scenario7" time="0">
    <skipped/>
  </testcase>
  <testcase name="CountryLinks" classname="com.TestCases.Scenario7" time="0">
    <skipped/>
  </testcase>
  <testcase name="close" classname="com.TestCases.Scenario7" time="0">
    <skipped/>
  </testcase>
  <testcase name="close" classname="com.TestCases.Scenario7" time="0">
    <skipped/>
  </testcase>
  <testcase name="fOOTERLINKS" classname="com.TestCases.Scenario7" time="0">
    <skipped/>
  </testcase>
</testsuite>